<?xml version="1.0" encoding="UTF-8"?>
<testsuite name="memory.MemoryFinderTest" tests="1" skipped="0" failures="0" errors="0" timestamp="2024-04-30T02:20:46" hostname="DESKTOP-1LDBKU3" time="0.114">
  <properties/>
  <testcase name="get()" classname="memory.MemoryFinderTest" time="0.114"/>
  <system-out><![CDATA[]]></system-out>
  <system-err><![CDATA[]]></system-err>
</testsuite>
